  DecisionTreeClassification.cpp
D:\ML Lab\MachineLearningLab\MachineLearningLab\src\Classification\DecisionTreeClassification.cpp(31,21): warning C4267: '=': conversion from 'size_t' to 'int', possible loss of data
D:\ML Lab\MachineLearningLab\MachineLearningLab\src\Classification\DecisionTreeClassification.cpp(115,19): warning C4101: 'DataPreprocessor': unreferenced local variable
  KNNClassifier.cpp
D:\ML Lab\MachineLearningLab\MachineLearningLab\src\Classification\KNNClassifier.cpp(63,22): warning C4101: 'DataPreprocessor': unreferenced local variable
  LogisticRegression.cpp
D:\ML Lab\MachineLearningLab\MachineLearningLab\src\Classification\LogisticRegression.cpp(29,22): warning C4267: 'initializing': conversion from 'size_t' to 'int', possible loss of data
D:\ML Lab\MachineLearningLab\MachineLearningLab\src\Classification\LogisticRegression.cpp(30,21): warning C4267: 'initializing': conversion from 'size_t' to 'int', possible loss of data
D:\ML Lab\MachineLearningLab\MachineLearningLab\src\Classification\LogisticRegression.cpp(69,22): warning C4101: 'DataPreprocessor': unreferenced local variable
  FuzzyCMeans.cpp
D:\ML Lab\MachineLearningLab\MachineLearningLab\src\Clustering\FuzzyCMeans.cpp(115,19): warning C4101: 'DataPreprocessor': unreferenced local variable
  KMeans.cpp
D:\ML Lab\MachineLearningLab\MachineLearningLab\src\Clustering\KMeans.cpp(75,19): warning C4101: 'DataPreprocessor': unreferenced local variable
  DataLoader.cpp
  DataPreprocessor.cpp
D:\ML Lab\MachineLearningLab\MachineLearningLab\src\DataUtils\DataPreprocessor.cpp(136,31): warning C4101: 'e': unreferenced local variable
  KFoldCrossValidation.cpp
  Metrics.cpp
D:\ML Lab\MachineLearningLab\MachineLearningLab\src\Evaluation\Metrics.cpp(20,11): warning C4244: 'initializing': conversion from 'unsigned __int64' to 'double', possible loss of data
D:\ML Lab\MachineLearningLab\MachineLearningLab\src\Evaluation\Metrics.cpp(34,11): warning C4244: 'initializing': conversion from 'unsigned __int64' to 'double', possible loss of data
D:\ML Lab\MachineLearningLab\MachineLearningLab\src\Evaluation\Metrics.cpp(48,11): warning C4244: 'initializing': conversion from 'unsigned __int64' to 'double', possible loss of data
D:\ML Lab\MachineLearningLab\MachineLearningLab\src\Evaluation\Metrics.cpp(159,8): warning C4267: 'initializing': conversion from 'size_t' to 'int', possible loss of data
D:\ML Lab\MachineLearningLab\MachineLearningLab\src\Evaluation\Metrics.cpp(248,8): warning C4267: 'initializing': conversion from 'size_t' to 'int', possible loss of data
  DecisionTreeRegression.cpp
D:\ML Lab\MachineLearningLab\MachineLearningLab\src\Regression\DecisionTreeRegression.cpp(30,21): warning C4267: '=': conversion from 'size_t' to 'int', possible loss of data
D:\ML Lab\MachineLearningLab\MachineLearningLab\src\Regression\DecisionTreeRegression.cpp(144,34): warning C4101: 'e': unreferenced local variable
  KNNRegression.cpp
D:\ML Lab\MachineLearningLab\MachineLearningLab\src\Regression\KNNRegression.cpp(100,46): warning C4101: 'e': unreferenced local variable
  LinearRegression.cpp
D:\ML Lab\MachineLearningLab\MachineLearningLab\src\MainForm.h(1642,18): warning C4267: 'initializing': conversion from 'size_t' to 'int', possible loss of data
  (compiling source file 'src/Regression/LinearRegression.cpp')
  
D:\ML Lab\MachineLearningLab\MachineLearningLab\src\Regression\LinearRegression.cpp(110,46): warning C4101: 'e': unreferenced local variable
  EntropyFunctions.cpp
D:\ML Lab\MachineLearningLab\MachineLearningLab\src\Utils\EntropyFunctions.cpp(19,20): warning C4267: 'initializing': conversion from 'size_t' to 'int', possible loss of data
D:\ML Lab\MachineLearningLab\MachineLearningLab\src\Utils\EntropyFunctions.cpp(38,20): warning C4267: 'initializing': conversion from 'size_t' to 'int', possible loss of data
  Node.cpp
  PCADimensionalityReduction.cpp
D:\ML Lab\MachineLearningLab\MachineLearningLab\src\Utils\PCADimensionalityReduction.cpp(90,20): warning C4244: 'initializing': conversion from 'Eigen::EigenBase<Derived>::Index' to 'int', possible loss of data
D:\ML Lab\MachineLearningLab\MachineLearningLab\src\Utils\PCADimensionalityReduction.cpp(90,20): warning C4244:         with
D:\ML Lab\MachineLearningLab\MachineLearningLab\src\Utils\PCADimensionalityReduction.cpp(90,20): warning C4244:         [
D:\ML Lab\MachineLearningLab\MachineLearningLab\src\Utils\PCADimensionalityReduction.cpp(90,20): warning C4244:             Derived=Eigen::Matrix<double,-1,-1,0,-1,-1>
D:\ML Lab\MachineLearningLab\MachineLearningLab\src\Utils\PCADimensionalityReduction.cpp(90,20): warning C4244:         ]
D:\ML Lab\MachineLearningLab\MachineLearningLab\src\Utils\PCADimensionalityReduction.cpp(91,21): warning C4244: 'initializing': conversion from 'Eigen::EigenBase<Derived>::Index' to 'int', possible loss of data
D:\ML Lab\MachineLearningLab\MachineLearningLab\src\Utils\PCADimensionalityReduction.cpp(91,21): warning C4244:         with
D:\ML Lab\MachineLearningLab\MachineLearningLab\src\Utils\PCADimensionalityReduction.cpp(91,21): warning C4244:         [
D:\ML Lab\MachineLearningLab\MachineLearningLab\src\Utils\PCADimensionalityReduction.cpp(91,21): warning C4244:             Derived=Eigen::Matrix<double,-1,-1,0,-1,-1>
D:\ML Lab\MachineLearningLab\MachineLearningLab\src\Utils\PCADimensionalityReduction.cpp(91,21): warning C4244:         ]
  SimilarityFunctions.cpp
  MainForm.cpp
D:\ML Lab\MachineLearningLab\MachineLearningLab\src\MainForm.h(1642,18): warning C4267: 'initializing': conversion from 'size_t' to 'int', possible loss of data
  (compiling source file 'src/MainForm.cpp')
  
  .NETFramework,Version=v4.7.2.AssemblyAttributes.cpp
  Generating Code...
D:\ML Lab\AdditionalLibraries\eigen-3.4.0\Eigen\src\Core\util\Memory.h(1115,1): warning C4793: 'Eigen::internal::queryCacheSizes': function compiled as native:
D:\ML Lab\AdditionalLibraries\eigen-3.4.0\Eigen\src\Core\util\Memory.h(1115,1): warning C4793: 	Found an intrinsic not supported in managed code
D:\ML Lab\AdditionalLibraries\eigen-3.4.0\Eigen\src\Core\util\Memory.h(1087,1): warning C4793: 'Eigen::internal::queryCacheSizes_amd': function compiled as native:
D:\ML Lab\AdditionalLibraries\eigen-3.4.0\Eigen\src\Core\util\Memory.h(1087,1): warning C4793: 	Found an intrinsic not supported in managed code
D:\ML Lab\AdditionalLibraries\eigen-3.4.0\Eigen\src\Core\util\Memory.h(1090,1): warning C4793: 'Eigen::internal::queryCacheSizes_amd': function compiled as native:
D:\ML Lab\AdditionalLibraries\eigen-3.4.0\Eigen\src\Core\util\Memory.h(1090,1): warning C4793: 	Found an intrinsic not supported in managed code
D:\ML Lab\AdditionalLibraries\eigen-3.4.0\Eigen\src\Core\util\Memory.h(1093,1): warning C4793: 'Eigen::internal::queryCacheSizes_amd': function compiled as native:
D:\ML Lab\AdditionalLibraries\eigen-3.4.0\Eigen\src\Core\util\Memory.h(1093,1): warning C4793: 	Found an intrinsic not supported in managed code
D:\ML Lab\AdditionalLibraries\eigen-3.4.0\Eigen\src\Core\util\Memory.h(967,1): warning C4793: 'Eigen::internal::queryCacheSizes_intel_direct': function compiled as native:
D:\ML Lab\AdditionalLibraries\eigen-3.4.0\Eigen\src\Core\util\Memory.h(967,1): warning C4793: 	Found an intrinsic not supported in managed code
D:\ML Lab\AdditionalLibraries\eigen-3.4.0\Eigen\src\Core\util\Memory.h(996,1): warning C4793: 'Eigen::internal::queryCacheSizes_intel_codes': function compiled as native:
D:\ML Lab\AdditionalLibraries\eigen-3.4.0\Eigen\src\Core\util\Memory.h(996,1): warning C4793: 	Found an intrinsic not supported in managed code
D:\ML Lab\AdditionalLibraries\eigen-3.4.0\Eigen\src\Core\arch\SSE\PacketMath.h(790,1): warning C4793: 'Eigen::internal::pstore<double,__m128d>': function compiled as native:
D:\ML Lab\AdditionalLibraries\eigen-3.4.0\Eigen\src\Core\arch\SSE\PacketMath.h(790,1): warning C4793: 	Found an intrinsic not supported in managed code
D:\ML Lab\AdditionalLibraries\eigen-3.4.0\Eigen\src\Core\arch\SSE\PacketMath.h(794,1): warning C4793: 'Eigen::internal::pstoreu<double,__m128d>': function compiled as native:
D:\ML Lab\AdditionalLibraries\eigen-3.4.0\Eigen\src\Core\arch\SSE\PacketMath.h(794,1): warning C4793: 	Found an intrinsic not supported in managed code
D:\ML Lab\AdditionalLibraries\eigen-3.4.0\Eigen\src\Core\arch\SSE\PacketMath.h(1130,1): warning C4793: 'Eigen::internal::ptranspose': function compiled as native:
D:\ML Lab\AdditionalLibraries\eigen-3.4.0\Eigen\src\Core\arch\SSE\PacketMath.h(1130,1): warning C4793: 	Found an intrinsic not supported in managed code
D:\ML Lab\AdditionalLibraries\eigen-3.4.0\Eigen\src\Core\arch\SSE\PacketMath.h(1131,1): warning C4793: 'Eigen::internal::ptranspose': function compiled as native:
D:\ML Lab\AdditionalLibraries\eigen-3.4.0\Eigen\src\Core\arch\SSE\PacketMath.h(1131,1): warning C4793: 	Found an intrinsic not supported in managed code
D:\ML Lab\AdditionalLibraries\eigen-3.4.0\Eigen\src\Core\arch\SSE\PacketMath.h(869,1): warning C4793: 'Eigen::internal::prefetch<double>': function compiled as native:
D:\ML Lab\AdditionalLibraries\eigen-3.4.0\Eigen\src\Core\arch\SSE\PacketMath.h(869,1): warning C4793: 	Found an intrinsic not supported in managed code
D:\ML Lab\AdditionalLibraries\eigen-3.4.0\Eigen\src\Core\arch\SSE\PacketMath.h(258,1): warning C4793: 'Eigen::internal::pset1<__m128d>': function compiled as native:
D:\ML Lab\AdditionalLibraries\eigen-3.4.0\Eigen\src\Core\arch\SSE\PacketMath.h(258,1): warning C4793: 	Found an intrinsic not supported in managed code
D:\ML Lab\AdditionalLibraries\eigen-3.4.0\Eigen\src\Core\arch\SSE\PacketMath.h(290,1): warning C4793: 'Eigen::internal::padd<__m128d>': function compiled as native:
D:\ML Lab\AdditionalLibraries\eigen-3.4.0\Eigen\src\Core\arch\SSE\PacketMath.h(290,1): warning C4793: 	Found an intrinsic not supported in managed code
D:\ML Lab\AdditionalLibraries\eigen-3.4.0\Eigen\src\Core\arch\SSE\PacketMath.h(970,1): warning C4793: 'Eigen::internal::pbroadcast4<__m128d>': function compiled as native:
D:\ML Lab\AdditionalLibraries\eigen-3.4.0\Eigen\src\Core\arch\SSE\PacketMath.h(970,1): warning C4793: 	Found an intrinsic not supported in managed code
D:\ML Lab\AdditionalLibraries\eigen-3.4.0\Eigen\src\Core\arch\SSE\PacketMath.h(970,1): warning C4793: 'Eigen::internal::pbroadcast4<__m128d>': function compiled as native:
D:\ML Lab\AdditionalLibraries\eigen-3.4.0\Eigen\src\Core\arch\SSE\PacketMath.h(970,1): warning C4793: 	Found an intrinsic not supported in managed code
D:\ML Lab\AdditionalLibraries\eigen-3.4.0\Eigen\src\Core\arch\SSE\PacketMath.h(970,1): warning C4793: 'Eigen::internal::pbroadcast4<__m128d>': function compiled as native:
D:\ML Lab\AdditionalLibraries\eigen-3.4.0\Eigen\src\Core\arch\SSE\PacketMath.h(970,1): warning C4793: 	Found an intrinsic not supported in managed code
D:\ML Lab\AdditionalLibraries\eigen-3.4.0\Eigen\src\Core\arch\SSE\PacketMath.h(971,1): warning C4793: 'Eigen::internal::pbroadcast4<__m128d>': function compiled as native:
D:\ML Lab\AdditionalLibraries\eigen-3.4.0\Eigen\src\Core\arch\SSE\PacketMath.h(971,1): warning C4793: 	Found an intrinsic not supported in managed code
D:\ML Lab\AdditionalLibraries\eigen-3.4.0\Eigen\src\Core\arch\SSE\PacketMath.h(971,1): warning C4793: 'Eigen::internal::pbroadcast4<__m128d>': function compiled as native:
D:\ML Lab\AdditionalLibraries\eigen-3.4.0\Eigen\src\Core\arch\SSE\PacketMath.h(971,1): warning C4793: 	Found an intrinsic not supported in managed code
D:\ML Lab\AdditionalLibraries\eigen-3.4.0\Eigen\src\Core\arch\SSE\PacketMath.h(971,1): warning C4793: 'Eigen::internal::pbroadcast4<__m128d>': function compiled as native:
D:\ML Lab\AdditionalLibraries\eigen-3.4.0\Eigen\src\Core\arch\SSE\PacketMath.h(971,1): warning C4793: 	Found an intrinsic not supported in managed code
D:\ML Lab\AdditionalLibraries\eigen-3.4.0\Eigen\src\Core\arch\SSE\PacketMath.h(973,1): warning C4793: 'Eigen::internal::pbroadcast4<__m128d>': function compiled as native:
D:\ML Lab\AdditionalLibraries\eigen-3.4.0\Eigen\src\Core\arch\SSE\PacketMath.h(973,1): warning C4793: 	Found an intrinsic not supported in managed code
D:\ML Lab\AdditionalLibraries\eigen-3.4.0\Eigen\src\Core\arch\SSE\PacketMath.h(973,1): warning C4793: 'Eigen::internal::pbroadcast4<__m128d>': function compiled as native:
D:\ML Lab\AdditionalLibraries\eigen-3.4.0\Eigen\src\Core\arch\SSE\PacketMath.h(973,1): warning C4793: 	Found an intrinsic not supported in managed code
D:\ML Lab\AdditionalLibraries\eigen-3.4.0\Eigen\src\Core\arch\SSE\PacketMath.h(973,1): warning C4793: 'Eigen::internal::pbroadcast4<__m128d>': function compiled as native:
D:\ML Lab\AdditionalLibraries\eigen-3.4.0\Eigen\src\Core\arch\SSE\PacketMath.h(973,1): warning C4793: 	Found an intrinsic not supported in managed code
D:\ML Lab\AdditionalLibraries\eigen-3.4.0\Eigen\src\Core\arch\SSE\PacketMath.h(974,1): warning C4793: 'Eigen::internal::pbroadcast4<__m128d>': function compiled as native:
D:\ML Lab\AdditionalLibraries\eigen-3.4.0\Eigen\src\Core\arch\SSE\PacketMath.h(974,1): warning C4793: 	Found an intrinsic not supported in managed code
D:\ML Lab\AdditionalLibraries\eigen-3.4.0\Eigen\src\Core\arch\SSE\PacketMath.h(974,1): warning C4793: 'Eigen::internal::pbroadcast4<__m128d>': function compiled as native:
D:\ML Lab\AdditionalLibraries\eigen-3.4.0\Eigen\src\Core\arch\SSE\PacketMath.h(974,1): warning C4793: 	Found an intrinsic not supported in managed code
D:\ML Lab\AdditionalLibraries\eigen-3.4.0\Eigen\src\Core\arch\SSE\PacketMath.h(974,1): warning C4793: 'Eigen::internal::pbroadcast4<__m128d>': function compiled as native:
D:\ML Lab\AdditionalLibraries\eigen-3.4.0\Eigen\src\Core\arch\SSE\PacketMath.h(974,1): warning C4793: 	Found an intrinsic not supported in managed code
D:\ML Lab\AdditionalLibraries\eigen-3.4.0\Eigen\src\Core\arch\SSE\PacketMath.h(829,1): warning C4793: 'Eigen::internal::pscatter<double,__m128d>': function compiled as native:
D:\ML Lab\AdditionalLibraries\eigen-3.4.0\Eigen\src\Core\arch\SSE\PacketMath.h(829,1): warning C4793: 	Found an intrinsic not supported in managed code
D:\ML Lab\AdditionalLibraries\eigen-3.4.0\Eigen\src\Core\arch\SSE\PacketMath.h(830,1): warning C4793: 'Eigen::internal::pscatter<double,__m128d>': function compiled as native:
D:\ML Lab\AdditionalLibraries\eigen-3.4.0\Eigen\src\Core\arch\SSE\PacketMath.h(830,1): warning C4793: 	Found an intrinsic not supported in managed code
D:\ML Lab\AdditionalLibraries\eigen-3.4.0\Eigen\src\Core\arch\SSE\PacketMath.h(830,1): warning C4793: 'Eigen::internal::pscatter<double,__m128d>': function compiled as native:
D:\ML Lab\AdditionalLibraries\eigen-3.4.0\Eigen\src\Core\arch\SSE\PacketMath.h(830,1): warning C4793: 	Found an intrinsic not supported in managed code
D:\ML Lab\AdditionalLibraries\eigen-3.4.0\Eigen\src\Core\arch\SSE\PacketMath.h(1007,1): warning C4793: 'Eigen::internal::predux<__m128d>': function compiled as native:
D:\ML Lab\AdditionalLibraries\eigen-3.4.0\Eigen\src\Core\arch\SSE\PacketMath.h(1007,1): warning C4793: 	Found an intrinsic not supported in managed code
D:\ML Lab\AdditionalLibraries\eigen-3.4.0\Eigen\src\Core\arch\SSE\PacketMath.h(1007,1): warning C4793: 'Eigen::internal::predux<__m128d>': function compiled as native:
D:\ML Lab\AdditionalLibraries\eigen-3.4.0\Eigen\src\Core\arch\SSE\PacketMath.h(1007,1): warning C4793: 	Found an intrinsic not supported in managed code
D:\ML Lab\AdditionalLibraries\eigen-3.4.0\Eigen\src\Core\arch\SSE\PacketMath.h(746,1): warning C4793: 'Eigen::internal::ploadu<__m128d>': function compiled as native:
D:\ML Lab\AdditionalLibraries\eigen-3.4.0\Eigen\src\Core\arch\SSE\PacketMath.h(746,1): warning C4793: 	Found an intrinsic not supported in managed code
D:\ML Lab\AdditionalLibraries\eigen-3.4.0\Eigen\src\Core\arch\SSE\PacketMath.h(716,1): warning C4793: 'Eigen::internal::pload<__m128d>': function compiled as native:
D:\ML Lab\AdditionalLibraries\eigen-3.4.0\Eigen\src\Core\arch\SSE\PacketMath.h(716,1): warning C4793: 	Found an intrinsic not supported in managed code
D:\ML Lab\AdditionalLibraries\eigen-3.4.0\Eigen\src\Core\arch\SSE\PacketMath.h(347,1): warning C4793: 'Eigen::internal::pmul<__m128d>': function compiled as native:
D:\ML Lab\AdditionalLibraries\eigen-3.4.0\Eigen\src\Core\arch\SSE\PacketMath.h(347,1): warning C4793: 	Found an intrinsic not supported in managed code
D:\ML Lab\AdditionalLibraries\eigen-3.4.0\Eigen\src\Core\arch\SSE\PacketMath.h(296,1): warning C4793: 'Eigen::internal::psub<__m128d>': function compiled as native:
D:\ML Lab\AdditionalLibraries\eigen-3.4.0\Eigen\src\Core\arch\SSE\PacketMath.h(296,1): warning C4793: 	Found an intrinsic not supported in managed code
D:\ML Lab\AdditionalLibraries\eigen-3.4.0\Eigen\src\Core\arch\SSE\PacketMath.h(805,1): warning C4793: 'Eigen::internal::pgather<double,__m128d>': function compiled as native:
D:\ML Lab\AdditionalLibraries\eigen-3.4.0\Eigen\src\Core\arch\SSE\PacketMath.h(805,1): warning C4793: 	Found an intrinsic not supported in managed code
D:\ML Lab\AdditionalLibraries\eigen-3.4.0\Eigen\src\Core\arch\SSE\PacketMath.h(367,1): warning C4793: 'Eigen::internal::pdiv<__m128d>': function compiled as native:
D:\ML Lab\AdditionalLibraries\eigen-3.4.0\Eigen\src\Core\arch\SSE\PacketMath.h(367,1): warning C4793: 	Found an intrinsic not supported in managed code
D:\ML Lab\AdditionalLibraries\eigen-3.4.0\Eigen\src\Core\arch\SSE\PacketMath.h(608,1): warning C4793: 'Eigen::internal::pabs<__m128d>': function compiled as native:
D:\ML Lab\AdditionalLibraries\eigen-3.4.0\Eigen\src\Core\arch\SSE\PacketMath.h(608,1): warning C4793: 	Found an intrinsic not supported in managed code
D:\ML Lab\AdditionalLibraries\eigen-3.4.0\Eigen\src\Core\arch\SSE\PacketMath.h(608,1): warning C4793: 'Eigen::internal::pabs<__m128d>': function compiled as native:
D:\ML Lab\AdditionalLibraries\eigen-3.4.0\Eigen\src\Core\arch\SSE\PacketMath.h(608,1): warning C4793: 	Found an intrinsic not supported in managed code
D:\ML Lab\AdditionalLibraries\eigen-3.4.0\Eigen\src\Core\arch\SSE\PacketMath.h(609,1): warning C4793: 'Eigen::internal::pabs<__m128d>': function compiled as native:
D:\ML Lab\AdditionalLibraries\eigen-3.4.0\Eigen\src\Core\arch\SSE\PacketMath.h(609,1): warning C4793: 	Found an intrinsic not supported in managed code
D:\ML Lab\AdditionalLibraries\eigen-3.4.0\Eigen\src\Core\arch\SSE\PacketMath.h(531,1): warning C4793: 'Eigen::internal::pmax<__m128d>': function compiled as native:
D:\ML Lab\AdditionalLibraries\eigen-3.4.0\Eigen\src\Core\arch\SSE\PacketMath.h(531,1): warning C4793: 	Found an intrinsic not supported in managed code
D:\ML Lab\MachineLearningLab\MachineLearningLab\src\Regression\DecisionTreeRegression.cpp(64,1): warning C4700: uninitialized local variable 'right' used
D:\ML Lab\MachineLearningLab\MachineLearningLab\src\Regression\DecisionTreeRegression.cpp(64,1): warning C4700: uninitialized local variable 'left' used
D:\ML Lab\MachineLearningLab\MachineLearningLab\src\Classification\DecisionTreeClassification.cpp(65,1): warning C4700: uninitialized local variable 'right' used
D:\ML Lab\MachineLearningLab\MachineLearningLab\src\Classification\DecisionTreeClassification.cpp(65,1): warning C4700: uninitialized local variable 'left' used
  DecisionTreeClassification.obj : MSIL module encountered; incremental linking is disabled for MSIL; performing full link
  MachineLearningLab.vcxproj -> D:\ML Lab\MachineLearningLab\bin\x64Debug\MachineLearningLab.exe
